		===[ Vector resize() ]===

		ðŸ’¡ [1;37mresize() on full vector to smaller size[0m
âª Before
[0;32m[[tenths_vec]][0m
Size is: 7
Capacity is: 7
Content is: 
	|POS	|VAL
	|	|
	[0]	|-> 0
	[1]	|-> 10
	[2]	|-> 20
	[3]	|-> 30
	[4]	|-> 40
	[5]	|-> 50
	[6]	|-> 60
[0;32m==============================[0m

â© After
[0;32m[[tenths_vec]][0m
Size is: 4
Capacity is: 7
Content is: 
	|POS	|VAL
	|	|
	[0]	|-> 0
	[1]	|-> 10
	[2]	|-> 20
	[3]	|-> 30
[0;32m==============================[0m

		ðŸ’¡ [1;37mresize() on non-full vector to bigger size and val unspecified[0m
âª Before
[0;32m[[tenths_vec]][0m
Size is: 4
Capacity is: 7
Content is: 
	|POS	|VAL
	|	|
	[0]	|-> 0
	[1]	|-> 10
	[2]	|-> 20
	[3]	|-> 30
[0;32m==============================[0m

â© After
[0;32m[[tenths_vec]][0m
Size is: 6
Capacity is: 7
Content is: 
	|POS	|VAL
	|	|
	[0]	|-> 0
	[1]	|-> 10
	[2]	|-> 20
	[3]	|-> 30
	[4]	|-> 0
	[5]	|-> 0
[0;32m==============================[0m

		ðŸ’¡ [1;37mresize() on non-full vector to bigger size and val specified[0m
âª Before
[0;32m[[tenths_vec]][0m
Size is: 6
Capacity is: 7
Content is: 
	|POS	|VAL
	|	|
	[0]	|-> 0
	[1]	|-> 10
	[2]	|-> 20
	[3]	|-> 30
	[4]	|-> 0
	[5]	|-> 0
[0;32m==============================[0m

â© After
[0;32m[[tenths_vec]][0m
Size is: 7
Capacity is: 7
Content is: 
	|POS	|VAL
	|	|
	[0]	|-> 0
	[1]	|-> 10
	[2]	|-> 20
	[3]	|-> 30
	[4]	|-> 0
	[5]	|-> 0
	[6]	|-> 42
[0;32m==============================[0m

		ðŸ’¡ [1;37mresize() on full vector to bigger size and val specified[0m
âª Before
[0;32m[[tenths_vec]][0m
Size is: 7
Capacity is: 7
Content is: 
	|POS	|VAL
	|	|
	[0]	|-> 0
	[1]	|-> 10
	[2]	|-> 20
	[3]	|-> 30
	[4]	|-> 0
	[5]	|-> 0
	[6]	|-> 42
[0;32m==============================[0m

â© After
[0;32m[[tenths_vec]][0m
Size is: 15
Capacity is: 15
Content is: 
	|POS	|VAL
	|	|
	[0]	|-> 0
	[1]	|-> 10
	[2]	|-> 20
	[3]	|-> 30
	[4]	|-> 0
	[5]	|-> 0
	[6]	|-> 42
	[7]	|-> 420
	[8]	|-> 420
	[9]	|-> 420
	[10]	|-> 420
	[11]	|-> 420
	[12]	|-> 420
	[13]	|-> 420
	[14]	|-> 420
[0;32m==============================[0m

